{"level":"warn","message":"Tue Jul 23 2024 POST /api/products"}
{"level":"warn","message":"Tue Jul 23 2024 POST /api/products"}
{"level":"warn","message":"Tue Jul 23 2024 POST /api/products"}
{"level":"warn","message":"Tue Jul 23 2024 POST /api/products"}
{"level":"warn","message":"Tue Jul 23 2024 POST /api/products"}
{"level":"warn","message":"Tue Jul 23 2024 POST /api/products"}
{"level":"warn","message":"Tue Jul 23 2024 POST /api/products"}
{"level":"warn","message":"Tue Jul 23 2024 POST /api/products"}
{"level":"warn","message":"Tue Jul 23 2024 POST /api/products"}
{"level":"warn","message":"Tue Jul 23 2024 POST /api/products"}
{"level":"warn","message":"Tue Jul 23 2024 POST /api/products"}
{"level":"warn","message":"Tue Jul 23 2024 POST /api/products"}
{"level":"warn","message":"Tue Jul 23 2024 POST /api/products"}
{"level":"warn","message":"Tue Jul 23 2024 POST /api/products"}
{"level":"warn","message":"Tue Jul 23 2024 POST /api/products"}
{"level":"warn","message":"Tue Jul 23 2024 POST /api/products"}
{"level":"warn","message":"Tue Jul 23 2024 POST /api/products"}
{"level":"warn","message":"Tue Jul 23 2024 POST /api/products"}
{"level":"warn","message":"Tue Jul 23 2024 POST /api/products"}
{"level":"warn","message":"Tue Jul 23 2024 POST /api/products"}
{"level":"warn","message":"Tue Jul 23 2024 POST /api/products"}
{"level":"warn","message":"Tue Jul 23 2024 POST /api/products"}
{"level":"warn","message":"Tue Jul 23 2024 POST /api/products"}
{"level":"warn","message":"Tue Jul 23 2024 POST /api/products"}
{"level":"warn","message":"Tue Jul 23 2024 POST /api/products"}
{"level":"warn","message":"Tue Jul 23 2024 POST /api/products"}
{"level":"warn","message":"Tue Jul 23 2024 POST /api/products"}
{"level":"warn","message":"Tue Jul 23 2024 POST /api/products"}
{"level":"warn","message":"Mon Jul 29 2024 GET /profile"}
{"level":"warn","message":"Mon Jul 29 2024 GET /static/css/index.css"}
{"level":"warn","message":"Mon Jul 29 2024 GET /favicon.ico"}
{"level":"warn","message":"Mon Jul 29 2024 GET /api/auth/logout?"}
{"level":"warn","message":"Mon Jul 29 2024 GET /payments"}
{"level":"warn","message":"Mon Jul 29 2024 GET /static/css/index.css"}
{"level":"warn","message":"Mon Jul 29 2024 GET /payments"}
{"level":"warn","message":"Mon Jul 29 2024 GET /static/css/index.css"}
{"level":"warn","message":"Mon Jul 29 2024 GET /payments"}
{"level":"warn","message":"Mon Jul 29 2024 GET /static/css/index.css"}
{"level":"warn","message":"Mon Jul 29 2024 GET /payments"}
{"level":"warn","message":"Mon Jul 29 2024 GET /static/css/index.css"}
{"level":"warn","message":"Mon Jul 29 2024 GET /payments"}
{"level":"warn","message":"Mon Jul 29 2024 GET /static/css/index.css"}
{"level":"warn","message":"Mon Jul 29 2024 GET /payments"}
{"level":"warn","message":"Mon Jul 29 2024 GET /static/css/index.css"}
{"level":"warn","message":"Mon Jul 29 2024 GET /payments"}
{"level":"warn","message":"Mon Jul 29 2024 GET /static/css/index.css"}
{"level":"warn","message":"Mon Jul 29 2024 GET /payments"}
{"level":"warn","message":"Mon Jul 29 2024 GET /static/css/index.css"}
{"level":"warn","message":"Mon Jul 29 2024 GET /payments"}
{"level":"warn","message":"Mon Jul 29 2024 GET /static/css/index.css"}
{"level":"warn","message":"Mon Jul 29 2024 GET /payments"}
{"level":"warn","message":"Mon Jul 29 2024 GET /static/css/index.css"}
{"level":"warn","message":"Mon Jul 29 2024 GET /payments"}
{"level":"warn","message":"Mon Jul 29 2024 GET /static/css/index.css"}
{"level":"warn","message":"Mon Jul 29 2024 GET /payments"}
{"level":"warn","message":"Mon Jul 29 2024 GET /static/css/index.css"}
{"level":"warn","message":"Mon Jul 29 2024 GET /payments"}
{"level":"warn","message":"Mon Jul 29 2024 GET /static/css/index.css"}
{"level":"warn","message":"Mon Jul 29 2024 GET /payments"}
{"level":"warn","message":"Mon Jul 29 2024 GET /static/css/index.css"}
{"level":"warn","message":"Mon Jul 29 2024 GET /payments"}
{"level":"warn","message":"Mon Jul 29 2024 GET /static/css/index.css"}
{"level":"warn","message":"Mon Jul 29 2024 GET /payments"}
{"level":"warn","message":"Mon Jul 29 2024 GET /static/css/index.css"}
{"level":"warn","message":"Mon Jul 29 2024 GET /payments"}
{"level":"warn","message":"Mon Jul 29 2024 GET /static/css/index.css"}
{"level":"warn","message":"Mon Jul 29 2024 GET /payments"}
{"level":"warn","message":"Mon Jul 29 2024 GET /static/css/index.css"}
{"level":"warn","message":"Mon Jul 29 2024 GET /payments"}
{"level":"warn","message":"Mon Jul 29 2024 GET /static/css/index.css"}
{"level":"warn","message":"Mon Jul 29 2024 GET /static/css/index.css"}
{"level":"warn","message":"Mon Jul 29 2024 GET /api/products"}
{"level":"warn","message":"Mon Jul 29 2024 GET /payments"}
{"level":"warn","message":"Mon Jul 29 2024 GET /static/css/index.css"}
{"level":"warn","message":"Mon Jul 29 2024 GET /payments"}
{"level":"warn","message":"Mon Jul 29 2024 GET /static/css/index.css"}
{"level":"warn","message":"Mon Jul 29 2024 GET /payments"}
{"level":"warn","message":"Mon Jul 29 2024 GET /static/css/index.css"}
{"level":"warn","message":"Mon Jul 29 2024 GET /payments"}
{"level":"warn","message":"Mon Jul 29 2024 GET /static/css/index.css"}
{"level":"warn","message":"Mon Jul 29 2024 GET /payments"}
{"level":"warn","message":"Mon Jul 29 2024 GET /static/css/index.css"}
{"level":"warn","message":"Mon Jul 29 2024 GET /static/css/index.css"}
{"level":"warn","message":"Mon Jul 29 2024 GET /payments"}
{"level":"warn","message":"Mon Jul 29 2024 GET /static/css/index.css"}
{"level":"warn","message":"Mon Jul 29 2024 GET /payments"}
{"level":"warn","message":"Mon Jul 29 2024 GET /static/css/index.css"}
{"level":"warn","message":"Mon Jul 29 2024 GET /payments"}
{"level":"warn","message":"Mon Jul 29 2024 GET /static/css/index.css"}
{"level":"warn","message":"Mon Jul 29 2024 GET /payments"}
{"level":"warn","message":"Mon Jul 29 2024 GET /static/css/index.css"}
{"level":"warn","message":"Mon Jul 29 2024 GET /payments"}
{"level":"warn","message":"Mon Jul 29 2024 GET /static/css/index.css"}
{"level":"warn","message":"Mon Jul 29 2024 GET /payments"}
{"level":"warn","message":"Mon Jul 29 2024 GET /static/css/index.css"}
{"level":"warn","message":"Mon Jul 29 2024 GET /static/css/index.css"}
{"level":"warn","message":"Mon Jul 29 2024 GET /payments"}
{"level":"warn","message":"Mon Jul 29 2024 GET /static/css/index.css"}
{"level":"warn","message":"Mon Jul 29 2024 POST /api/cart/checkout"}
{"level":"warn","message":"Mon Jul 29 2024 GET /static/css/index.css"}
{"level":"warn","message":"Mon Jul 29 2024 GET /payments"}
{"level":"warn","message":"Mon Jul 29 2024 GET /static/css/index.css"}
{"level":"warn","message":"Mon Jul 29 2024 POST /api/carts/checkout"}
{"level":"warn","message":"Mon Jul 29 2024 GET /payments"}
{"level":"warn","message":"Mon Jul 29 2024 GET /static/css/index.css"}
{"level":"warn","message":"Mon Jul 29 2024 POST /api/carts/checkout"}
{"level":"warn","message":"Mon Jul 29 2024 GET /undefined"}
{"level":"warn","message":"Mon Jul 29 2024 GET /payments"}
{"level":"warn","message":"Mon Jul 29 2024 GET /static/css/index.css"}
{"level":"warn","message":"Mon Jul 29 2024 POST /api/carts/checkout"}
{"level":"warn","message":"Mon Jul 29 2024 GET /payments"}
{"level":"warn","message":"Mon Jul 29 2024 GET /static/css/index.css"}
{"level":"warn","message":"Mon Jul 29 2024 POST /api/carts/checkout"}
{"level":"warn","message":"Mon Jul 29 2024 GET /payments"}
{"level":"warn","message":"Mon Jul 29 2024 GET /static/css/index.css"}
{"level":"warn","message":"Mon Jul 29 2024 POST /api/carts/checkout"}
{"level":"warn","message":"Mon Jul 29 2024 GET /payments"}
{"level":"warn","message":"Mon Jul 29 2024 GET /static/css/index.css"}
{"level":"warn","message":"Mon Jul 29 2024 POST /api/carts/checkout"}
{"level":"warn","message":"Mon Jul 29 2024 GET /api/carts"}
{"level":"warn","message":"Mon Jul 29 2024 GET /api/carts/success"}
{"level":"warn","message":"Mon Jul 29 2024 GET /payment_success.html"}
{"level":"warn","message":"Mon Jul 29 2024 GET /payment_success.html"}
{"level":"warn","message":"Mon Jul 29 2024 GET /payment_success.html"}
{"level":"warn","message":"Mon Jul 29 2024 GET /payment_success.html"}
{"level":"warn","message":"Mon Jul 29 2024 GET /static/payment_success.html"}
{"level":"warn","message":"Mon Jul 29 2024 GET /static/payment_success.html"}
{"level":"warn","message":"Mon Jul 29 2024 GET /api/cart"}
{"level":"warn","message":"Mon Jul 29 2024 GET /api/cart"}
{"level":"warn","message":"Mon Jul 29 2024 GET /api/carts/payments"}
{"level":"warn","message":"Mon Jul 29 2024 GET /payments"}
{"level":"warn","message":"Mon Jul 29 2024 GET /static/css/index.css"}
{"level":"warn","message":"Mon Jul 29 2024 GET /payments"}
{"level":"warn","message":"Mon Jul 29 2024 GET /static/css/index.css"}
{"level":"warn","message":"Mon Jul 29 2024 POST /api/carts/checkout"}
{"level":"warn","message":"Mon Jul 29 2024 GET /payments"}
{"level":"warn","message":"Mon Jul 29 2024 GET /static/css/index.css"}
{"level":"warn","message":"Mon Jul 29 2024 POST /api/carts/checkout"}
{"level":"warn","message":"Mon Jul 29 2024 GET /payments"}
{"level":"warn","message":"Mon Jul 29 2024 GET /static/css/index.css"}
{"level":"warn","message":"Mon Jul 29 2024 POST /api/carts/checkout"}
{"level":"warn","message":"Mon Jul 29 2024 GET /payments"}
{"level":"warn","message":"Mon Jul 29 2024 GET /static/css/index.css"}
{"level":"warn","message":"Mon Jul 29 2024 POST /api/carts/checkout"}
{"level":"warn","message":"Mon Jul 29 2024 GET /payments"}
{"level":"warn","message":"Mon Jul 29 2024 GET /static/css/index.css"}
{"level":"warn","message":"Mon Jul 29 2024 GET /payments"}
{"level":"warn","message":"Mon Jul 29 2024 GET /static/css/index.css"}
{"level":"warn","message":"Mon Jul 29 2024 GET /payments"}
{"level":"warn","message":"Mon Jul 29 2024 GET /static/css/index.css"}
{"level":"warn","message":"Mon Jul 29 2024 POST /api/carts/checkout"}
{"level":"warn","message":"Mon Jul 29 2024 GET /payments"}
{"level":"warn","message":"Mon Jul 29 2024 GET /static/css/index.css"}
{"level":"warn","message":"Mon Jul 29 2024 POST /api/carts/checkout"}
{"level":"warn","message":"Mon Jul 29 2024 GET /api/carts/cancel"}
{"level":"warn","message":"Mon Jul 29 2024 GET /static/payment_cancel.html"}
{"level":"warn","message":"Mon Jul 29 2024 GET /payments"}
{"level":"warn","message":"Mon Jul 29 2024 GET /static/css/index.css"}
{"level":"warn","message":"Mon Jul 29 2024 POST /api/carts/checkout"}
{"level":"warn","message":"Mon Jul 29 2024 GET /api/carts/success"}
{"level":"warn","message":"Mon Jul 29 2024 GET /static/payment_success.html"}
{"level":"warn","message":"Mon Jul 29 2024 GET /payments"}
{"level":"warn","message":"Mon Jul 29 2024 GET /static/css/index.css"}
{"level":"warn","message":"Mon Jul 29 2024 GET /payments"}
{"level":"warn","message":"Mon Jul 29 2024 GET /static/css/index.css"}
{"level":"warn","message":"Mon Jul 29 2024 GET /payments"}
{"level":"warn","message":"Mon Jul 29 2024 GET /static/css/index.css"}
{"level":"warn","message":"Mon Jul 29 2024 GET /payments"}
{"level":"warn","message":"Mon Jul 29 2024 GET /static/css/index.css"}
{"level":"warn","message":"Mon Jul 29 2024 GET /static/css/index.css"}
{"level":"warn","message":"Mon Jul 29 2024 GET /payments"}
{"level":"warn","message":"Mon Jul 29 2024 GET /static/css/index.css"}
{"level":"warn","message":"Mon Jul 29 2024 GET /static/css/index.css"}
{"level":"warn","message":"Mon Jul 29 2024 GET /payments"}
{"level":"warn","message":"Mon Jul 29 2024 GET /static/css/index.css"}
{"level":"warn","message":"Mon Jul 29 2024 GET /payments"}
{"level":"warn","message":"Mon Jul 29 2024 GET /static/css/index.css"}
{"level":"warn","message":"Mon Jul 29 2024 POST /api/carts/checkoutmp"}
{"level":"warn","message":"Mon Jul 29 2024 GET /payments"}
{"level":"warn","message":"Mon Jul 29 2024 GET /static/css/index.css"}
{"level":"warn","message":"Mon Jul 29 2024 POST /api/carts/checkoutmp"}
{"level":"warn","message":"Mon Jul 29 2024 GET /payments"}
{"level":"warn","message":"Mon Jul 29 2024 GET /static/css/index.css"}
{"level":"warn","message":"Mon Jul 29 2024 POST /api/carts/checkoutmp"}
{"level":"warn","message":"Mon Jul 29 2024 GET /payments"}
{"level":"warn","message":"Mon Jul 29 2024 GET /static/css/index.css"}
{"level":"warn","message":"Mon Jul 29 2024 POST /api/carts/checkoutmp"}
{"level":"warn","message":"Mon Jul 29 2024 GET /payments"}
{"level":"warn","message":"Mon Jul 29 2024 GET /static/css/index.css"}
{"level":"warn","message":"Mon Jul 29 2024 POST /api/carts/checkoutmp"}
{"level":"warn","message":"Mon Jul 29 2024 GET /payments"}
{"level":"warn","message":"Mon Jul 29 2024 GET /static/css/index.css"}
{"level":"warn","message":"Mon Jul 29 2024 POST /api/carts/checkoutmp"}
{"level":"warn","message":"Mon Jul 29 2024 GET /payments"}
{"level":"warn","message":"Mon Jul 29 2024 GET /static/css/index.css"}
{"level":"warn","message":"Mon Jul 29 2024 POST /api/carts/checkoutmp"}
{"level":"warn","message":"Mon Jul 29 2024 GET /payments"}
{"level":"warn","message":"Mon Jul 29 2024 GET /static/css/index.css"}
{"level":"warn","message":"Mon Jul 29 2024 GET /payments"}
{"level":"warn","message":"Mon Jul 29 2024 GET /static/css/index.css"}
{"level":"warn","message":"Mon Jul 29 2024 POST /api/carts/checkoutmp"}
{"level":"warn","message":"Mon Jul 29 2024 GET /undefined"}
{"level":"warn","message":"Mon Jul 29 2024 GET /payments"}
{"level":"warn","message":"Mon Jul 29 2024 GET /static/css/index.css"}
{"level":"warn","message":"Mon Jul 29 2024 GET /payments"}
{"level":"warn","message":"Mon Jul 29 2024 GET /static/css/index.css"}
{"level":"warn","message":"Mon Jul 29 2024 POST /api/carts/checkoutmp"}
{"level":"warn","message":"Mon Jul 29 2024 GET /static/css/index.css"}
{"level":"warn","message":"Mon Jul 29 2024 GET /payments"}
{"level":"warn","message":"Mon Jul 29 2024 GET /static/css/index.css"}
{"level":"warn","message":"Mon Jul 29 2024 GET /payments"}
{"level":"warn","message":"Mon Jul 29 2024 GET /static/css/index.css"}
{"level":"warn","message":"Mon Jul 29 2024 POST /api/carts/checkoutmp"}
{"level":"warn","message":"Mon Jul 29 2024 GET /payments"}
{"level":"warn","message":"Mon Jul 29 2024 GET /static/css/index.css"}
{"level":"warn","message":"Mon Jul 29 2024 POST /api/carts/checkoutmp"}
{"level":"warn","message":"Mon Jul 29 2024 GET /payments"}
{"level":"warn","message":"Mon Jul 29 2024 GET /static/css/index.css"}
{"level":"warn","message":"Mon Jul 29 2024 POST /api/carts/checkoutmp"}
{"level":"warn","message":"Mon Jul 29 2024 GET /payments"}
{"level":"warn","message":"Mon Jul 29 2024 GET /static/css/index.css"}
{"level":"warn","message":"Mon Jul 29 2024 POST /api/carts/checkoutmp"}
{"level":"warn","message":"Mon Jul 29 2024 GET /payments"}
{"level":"warn","message":"Mon Jul 29 2024 GET /static/css/index.css"}
{"level":"warn","message":"Mon Jul 29 2024 GET /payments"}
{"level":"warn","message":"Mon Jul 29 2024 GET /static/css/index.css"}
{"level":"warn","message":"Mon Jul 29 2024 POST /api/carts/checkoutmp"}
{"level":"warn","message":"Mon Jul 29 2024 GET /payments"}
{"level":"warn","message":"Mon Jul 29 2024 GET /static/css/index.css"}
{"level":"warn","message":"Mon Jul 29 2024 POST /api/carts/checkoutmp"}
{"level":"warn","message":"Mon Jul 29 2024 GET /payments"}
{"level":"warn","message":"Mon Jul 29 2024 GET /static/css/index.css"}
{"level":"warn","message":"Mon Jul 29 2024 POST /api/carts/checkoutmp"}
{"level":"warn","message":"Mon Jul 29 2024 GET /payments"}
{"level":"warn","message":"Mon Jul 29 2024 GET /static/css/index.css"}
{"level":"warn","message":"Mon Jul 29 2024 POST /api/carts/checkoutmp"}
{"level":"warn","message":"Mon Jul 29 2024 GET /payments"}
{"level":"warn","message":"Mon Jul 29 2024 GET /static/css/index.css"}
{"level":"warn","message":"Mon Jul 29 2024 POST /api/carts/checkoutmp"}
{"level":"warn","message":"Mon Jul 29 2024 GET /payments"}
{"level":"warn","message":"Mon Jul 29 2024 GET /static/css/index.css"}
{"level":"warn","message":"Mon Jul 29 2024 POST /api/carts/checkoutmp"}
{"level":"warn","message":"Mon Jul 29 2024 GET /payments"}
{"level":"warn","message":"Mon Jul 29 2024 GET /static/css/index.css"}
{"level":"warn","message":"Mon Jul 29 2024 GET /favicon.ico"}
{"level":"warn","message":"Mon Jul 29 2024 GET /payments"}
{"level":"warn","message":"Mon Jul 29 2024 GET /static/css/index.css"}
{"level":"warn","message":"Mon Jul 29 2024 POST /api/carts/checkoutmp"}
{"level":"warn","message":"Mon Jul 29 2024 GET /payments"}
{"level":"warn","message":"Mon Jul 29 2024 GET /static/css/index.css"}
{"level":"warn","message":"Mon Jul 29 2024 POST /api/carts/checkoutmp"}
{"level":"warn","message":"Mon Jul 29 2024 GET /payments"}
{"level":"warn","message":"Mon Jul 29 2024 GET /static/css/index.css"}
{"level":"warn","message":"Mon Jul 29 2024 POST /api/carts/checkoutmp"}
{"level":"warn","message":"Mon Jul 29 2024 GET /payments"}
{"level":"warn","message":"Mon Jul 29 2024 GET /static/css/index.css"}
{"level":"warn","message":"Mon Jul 29 2024 POST /api/carts/checkoutmp"}
{"level":"warn","message":"Mon Jul 29 2024 GET /payments"}
{"level":"warn","message":"Mon Jul 29 2024 GET /static/css/index.css"}
{"level":"warn","message":"Mon Jul 29 2024 POST /api/carts/checkoutmp"}
{"level":"warn","message":"Mon Jul 29 2024 GET /payments"}
{"level":"warn","message":"Mon Jul 29 2024 GET /static/css/index.css"}
{"level":"warn","message":"Mon Jul 29 2024 GET /favicon.ico"}
{"level":"warn","message":"Mon Jul 29 2024 GET /payments"}
{"level":"warn","message":"Mon Jul 29 2024 GET /static/css/index.css"}
{"level":"warn","message":"Mon Jul 29 2024 GET /favicon.ico"}
{"level":"warn","message":"Mon Jul 29 2024 POST /api/carts/checkoutstr"}
{"level":"warn","message":"Mon Jul 29 2024 GET /api/carts/cancel"}
{"level":"warn","message":"Mon Jul 29 2024 GET /static/payment_cancel.html"}
{"level":"warn","message":"Mon Jul 29 2024 GET /payments"}
{"level":"warn","message":"Mon Jul 29 2024 GET /static/css/index.css"}
{"level":"warn","message":"Mon Jul 29 2024 GET /payments"}
{"level":"warn","message":"Mon Jul 29 2024 GET /static/css/index.css"}
{"level":"warn","message":"Mon Jul 29 2024 GET /payments"}
{"level":"warn","message":"Mon Jul 29 2024 GET /static/css/index.css"}
{"level":"warn","message":"Mon Jul 29 2024 POST /api/carts/checkoutmp"}
{"level":"warn","message":"Mon Jul 29 2024 GET /payments"}
{"level":"warn","message":"Mon Jul 29 2024 GET /static/css/index.css"}
{"level":"warn","message":"Mon Jul 29 2024 POST /api/carts/checkoutmp"}
{"level":"warn","message":"Mon Jul 29 2024 GET /payments"}
{"level":"warn","message":"Mon Jul 29 2024 GET /static/css/index.css"}
{"level":"warn","message":"Mon Jul 29 2024 GET /payments"}
{"level":"warn","message":"Mon Jul 29 2024 GET /static/css/index.css"}
{"level":"warn","message":"Mon Jul 29 2024 GET /payments"}
{"level":"warn","message":"Mon Jul 29 2024 GET /static/css/index.css"}
{"level":"warn","message":"Mon Jul 29 2024 POST /api/carts/checkoutmp"}
{"level":"warn","message":"Mon Jul 29 2024 GET /payments"}
{"level":"warn","message":"Mon Jul 29 2024 GET /static/css/index.css"}
{"level":"warn","message":"Mon Jul 29 2024 GET /payments"}
{"level":"warn","message":"Mon Jul 29 2024 GET /static/css/index.css"}
{"level":"warn","message":"Mon Jul 29 2024 GET /payments"}
{"level":"warn","message":"Mon Jul 29 2024 GET /static/css/index.css"}
{"level":"warn","message":"Mon Jul 29 2024 GET /favicon.ico"}
{"level":"warn","message":"Mon Jul 29 2024 POST /api/carts/checkoutmp"}
{"level":"warn","message":"Mon Jul 29 2024 GET /payments"}
{"level":"warn","message":"Mon Jul 29 2024 GET /static/css/index.css"}
{"level":"warn","message":"Mon Jul 29 2024 GET /favicon.ico"}
{"level":"warn","message":"Mon Jul 29 2024 GET /payments"}
{"level":"warn","message":"Mon Jul 29 2024 GET /static/css/index.css"}
{"level":"warn","message":"Mon Jul 29 2024 GET /payments"}
{"level":"warn","message":"Mon Jul 29 2024 GET /static/css/index.css"}
{"level":"warn","message":"Mon Jul 29 2024 POST /api/carts/checkoutstr"}
{"level":"warn","message":"Mon Jul 29 2024 GET /api/carts/cancel"}
{"level":"warn","message":"Mon Jul 29 2024 GET /static/payment_cancel.html"}
{"level":"warn","message":"Mon Jul 29 2024 GET /payments"}
{"level":"warn","message":"Mon Jul 29 2024 GET /static/css/index.css"}
{"level":"warn","message":"Mon Jul 29 2024 GET /payments"}
{"level":"warn","message":"Mon Jul 29 2024 GET /static/css/index.css"}
{"level":"warn","message":"Mon Jul 29 2024 GET /favicon.ico"}
{"level":"warn","message":"Mon Jul 29 2024 POST /api/carts/checkoutstr"}
{"level":"warn","message":"Mon Jul 29 2024 GET /payments"}
{"level":"warn","message":"Mon Jul 29 2024 GET /static/css/index.css"}
{"level":"warn","message":"Mon Jul 29 2024 POST /api/carts/checkoutmp"}
{"level":"warn","message":"Mon Jul 29 2024 GET /payments"}
{"level":"warn","message":"Mon Jul 29 2024 GET /static/css/index.css"}
{"level":"warn","message":"Mon Jul 29 2024 POST /api/carts/checkoutmp"}
{"level":"warn","message":"Mon Jul 29 2024 GET /payments"}
{"level":"warn","message":"Mon Jul 29 2024 GET /static/css/index.css"}
{"level":"warn","message":"Mon Jul 29 2024 POST /api/carts/checkoutmp"}
{"level":"warn","message":"Mon Jul 29 2024 GET /payments"}
{"level":"warn","message":"Mon Jul 29 2024 GET /static/css/index.css"}
{"level":"warn","message":"Mon Jul 29 2024 GET /payments"}
{"level":"warn","message":"Mon Jul 29 2024 GET /static/css/index.css"}
{"level":"warn","message":"Mon Jul 29 2024 GET /payments"}
{"level":"warn","message":"Mon Jul 29 2024 GET /static/css/index.css"}
{"level":"warn","message":"Mon Jul 29 2024 GET /payments"}
{"level":"warn","message":"Mon Jul 29 2024 GET /static/css/index.css"}
{"level":"warn","message":"Mon Jul 29 2024 POST /api/carts/checkoutstr"}
{"level":"warn","message":"Mon Jul 29 2024 GET /api/carts/cancel"}
{"level":"warn","message":"Mon Jul 29 2024 GET /static/payment_cancel.html"}
{"level":"warn","message":"Mon Jul 29 2024 GET /payments"}
{"level":"warn","message":"Mon Jul 29 2024 GET /static/css/index.css"}
{"level":"warn","message":"Mon Jul 29 2024 POST /api/carts/checkoutstr"}
{"level":"warn","message":"Mon Jul 29 2024 GET /api/carts/success"}
{"level":"warn","message":"Mon Jul 29 2024 GET /static/payment_success.html"}
{"level":"warn","message":"Mon Jul 29 2024 GET /payments"}
{"level":"warn","message":"Mon Jul 29 2024 GET /static/css/index.css"}
{"level":"warn","message":"Mon Jul 29 2024 POST /api/carts/checkoutstr"}
{"level":"warn","message":"Mon Jul 29 2024 GET /api/carts/success"}
{"level":"warn","message":"Mon Jul 29 2024 GET /static/payment_success.html"}
{"level":"warn","message":"Mon Jul 29 2024 GET /payments"}
{"level":"warn","message":"Mon Jul 29 2024 GET /static/css/index.css"}
{"level":"warn","message":"Mon Jul 29 2024 GET /payments"}
{"level":"warn","message":"Mon Jul 29 2024 GET /static/css/index.css"}
{"level":"warn","message":"Mon Jul 29 2024 GET /favicon.ico"}
{"level":"warn","message":"Mon Jul 29 2024 POST /api/carts/checkoutmp"}
{"level":"warn","message":"Mon Jul 29 2024 GET /payments"}
{"level":"warn","message":"Mon Jul 29 2024 GET /static/css/index.css"}
