{"level":"warn","message":"Tue Jul 23 2024 GET /profile"}
{"level":"warn","message":"Tue Jul 23 2024 GET /static/css/index.css"}
{"level":"warn","message":"Tue Jul 23 2024 GET /favicon.ico"}
{"level":"warn","message":"Tue Jul 23 2024 GET /api/auth/logout?"}
{"level":"warn","message":"Tue Jul 23 2024 GET /login"}
{"level":"warn","message":"Tue Jul 23 2024 GET /static/css/index.css"}
{"level":"warn","message":"Tue Jul 23 2024 GET /login"}
{"level":"warn","message":"Tue Jul 23 2024 GET /login"}
{"level":"warn","message":"Tue Jul 23 2024 GET /login"}
{"level":"warn","message":"Tue Jul 23 2024 GET /login"}
{"level":"warn","message":"Tue Jul 23 2024 GET /login"}
{"level":"warn","message":"Tue Jul 23 2024 GET /login"}
{"level":"warn","message":"Tue Jul 23 2024 GET /login"}
{"level":"warn","message":"Tue Jul 23 2024 GET /login"}
{"level":"warn","message":"Tue Jul 23 2024 GET /login"}
{"level":"warn","message":"Tue Jul 23 2024 GET /login"}
{"level":"warn","message":"Tue Jul 23 2024 GET /login_redirect"}
{"level":"warn","message":"Tue Jul 23 2024 GET /login"}
{"level":"warn","message":"Tue Jul 23 2024 GET /login_redirect"}
{"level":"warn","message":"Tue Jul 23 2024 GET /login"}
{"level":"warn","message":"Tue Jul 23 2024 GET /login_redirect"}
{"level":"warn","message":"Tue Jul 23 2024 GET /login"}
{"level":"warn","message":"Tue Jul 23 2024 GET /login_redirect"}
{"level":"warn","message":"Tue Jul 23 2024 GET /login"}
{"level":"warn","message":"Tue Jul 23 2024 GET /login_redirect"}
{"level":"warn","message":"Tue Jul 23 2024 GET /login"}
